{"D:\\Users\\Roberto\\Documentos\\GitHub\\VeritHub\\client\\verithub-front\\src\\services\\api.js": {"path":"D:\\Users\\Roberto\\Documentos\\GitHub\\VeritHub\\client\\verithub-front\\src\\services\\api.js","statementMap":{"0":{"start":{"line":4,"column":2},"end":{"line":6,"column":5}}},"fnMap":{"0":{"name":"(anonymous_0)","decl":{"start":{"line":3,"column":15},"end":{"line":3,"column":16}},"loc":{"start":{"line":3,"column":21},"end":{"line":7,"column":1}},"line":3}},"branchMap":{},"s":{"0":0},"f":{"0":0},"b":{},"_coverageSchema":"1a1c01bbd47fc00a2c39e90264f33305004495a9","hash":"ab635eed1102ea3fbdf7b66545a27c2068ca1bae"}
,"D:\\Users\\Roberto\\Documentos\\GitHub\\VeritHub\\client\\verithub-front\\src\\services\\helperServices.js": {"path":"D:\\Users\\Roberto\\Documentos\\GitHub\\VeritHub\\client\\verithub-front\\src\\services\\helperServices.js","statementMap":{"0":{"start":{"line":7,"column":20},"end":{"line":7,"column":21}},"1":{"start":{"line":8,"column":21},"end":{"line":8,"column":36}},"2":{"start":{"line":9,"column":19},"end":{"line":9,"column":32}},"3":{"start":{"line":10,"column":18},"end":{"line":10,"column":30}},"4":{"start":{"line":12,"column":4},"end":{"line":15,"column":6}},"5":{"start":{"line":13,"column":6},"end":{"line":14,"column":57}},"6":{"start":{"line":13,"column":21},"end":{"line":13,"column":73}},"7":{"start":{"line":14,"column":11},"end":{"line":14,"column":57}},"8":{"start":{"line":16,"column":4},"end":{"line":16,"column":21}},"9":{"start":{"line":22,"column":4},"end":{"line":22,"column":54}}},"fnMap":{"0":{"name":"(anonymous_0)","decl":{"start":{"line":6,"column":2},"end":{"line":6,"column":3}},"loc":{"start":{"line":6,"column":28},"end":{"line":17,"column":3}},"line":6},"1":{"name":"(anonymous_1)","decl":{"start":{"line":12,"column":21},"end":{"line":12,"column":22}},"loc":{"start":{"line":12,"column":32},"end":{"line":15,"column":5}},"line":12},"2":{"name":"(anonymous_2)","decl":{"start":{"line":20,"column":2},"end":{"line":20,"column":3}},"loc":{"start":{"line":20,"column":26},"end":{"line":24,"column":3}},"line":20}},"branchMap":{"0":{"loc":{"start":{"line":13,"column":6},"end":{"line":14,"column":57}},"type":"if","locations":[{"start":{"line":13,"column":6},"end":{"line":14,"column":57}},{"start":{"line":14,"column":11},"end":{"line":14,"column":57}}],"line":13}},"s":{"0":1,"1":1,"2":1,"3":1,"4":1,"5":2,"6":2,"7":0,"8":1,"9":0},"f":{"0":1,"1":2,"2":0},"b":{"0":[2,0]},"_coverageSchema":"1a1c01bbd47fc00a2c39e90264f33305004495a9","hash":"637b463e441d7ccfd2e7667f1fe0481864c438c5"}
}
